zn =    5.00000, ze =    5.00000
itr = 0
  l = 0
    n = 1, e =     -12.50373881 (    -25.00747761)
    n = 2, e =      -3.12639849 (     -6.25279698)
  l = 1
    n = 2, e =      -3.12546479 (     -6.25092958)
  cnv =   1.000000, mix =   0.100000
  integrated charge =   0.500000 out of   5.000000
itr = 1
  l = 0
    n = 1, e =     -12.97218561 (    -25.94437123)
    n = 2, e =      -3.13910330 (     -6.27820661)
  l = 1
    n = 2, e =      -3.12016940 (     -6.24033881)
  cnv =   0.900000, mix =   0.108696
  integrated charge =   0.989130 out of   5.000000
itr = 2
  l = 0
    n = 1, e =     -12.38878037 (    -24.77756075)
    n = 2, e =      -2.81918462 (     -5.63836924)
  l = 1
    n = 2, e =      -2.75754539 (     -5.51509077)
  cnv =   0.802174, mix =   0.118802
  integrated charge =   1.465628 out of   5.000000
itr = 3
  l = 0
    n = 1, e =     -11.72247977 (    -23.44495953)
    n = 2, e =      -2.48401273 (     -4.96802545)
  l = 1
    n = 2, e =      -2.38142721 (     -4.76285442)
  cnv =   0.706874, mix =   0.130634
  integrated charge =   1.927336 out of   5.000000
itr = 4
  l = 0
    n = 1, e =     -11.04405266 (    -22.08810531)
    n = 2, e =      -2.15709764 (     -4.31419527)
  l = 1
    n = 2, e =      -2.01792059 (     -4.03584117)
  cnv =   0.614533, mix =   0.144587
  integrated charge =   2.371603 out of   5.000000
itr = 5
  l = 0
    n = 1, e =     -10.38374791 (    -20.76749581)
    n = 2, e =      -1.84854344 (     -3.69708687)
  l = 1
    n = 2, e =      -1.67825384 (     -3.35650768)
  cnv =   0.525679, mix =   0.161149
  integrated charge =   2.795167 out of   5.000000
itr = 6
  l = 0
    n = 1, e =      -9.76059259 (    -19.52118518)
    n = 2, e =      -1.56451711 (     -3.12903423)
  l = 1
    n = 2, e =      -1.36917395 (     -2.73834790)
  cnv =   0.440967, mix =   0.180906
  integrated charge =   3.194034 out of   5.000000
itr = 7
  l = 0
    n = 1, e =      -9.18939534 (    -18.37879067)
    n = 2, e =      -1.30950836 (     -2.61901671)
  l = 1
    n = 2, e =      -1.09537849 (     -2.19075697)
  cnv =   0.361193, mix =   0.204518
  integrated charge =   3.563387 out of   5.000000
itr = 8
  l = 0
    n = 1, e =      -8.68294767 (    -17.36589534)
    n = 2, e =      -1.08703008 (     -2.17406015)
  l = 1
    n = 2, e =      -0.86021033 (     -1.72042065)
  cnv =   0.287323, mix =   0.232635
  integrated charge =   3.897593 out of   5.000000
itr = 9
  l = 0
    n = 1, e =      -8.25235887 (    -16.50471774)
    n = 2, e =      -0.89974487 (     -1.79948974)
  l = 1
    n = 2, e =      -0.66572120 (     -1.33144241)
  cnv =   0.228976, mix =   0.260973
  integrated charge =   4.185292 out of   5.000000
itr = 10
  l = 0
    n = 1, e =      -7.91224846 (    -15.82449692)
    n = 2, e =      -0.75190639 (     -1.50381277)
  l = 1
    n = 2, e =      -0.51513384 (     -1.03026768)
  cnv =   0.192139, mix =   0.282717
  integrated charge =   4.415624 out of   5.000000
itr = 11
  l = 0
    n = 1, e =      -7.66947925 (    -15.33895851)
    n = 2, e =      -0.64549299 (     -1.29098599)
  l = 1
    n = 2, e =      -0.40932941 (     -0.81865882)
  cnv =   0.163221, mix =   0.302502
  integrated charge =   4.592399 out of   5.000000
itr = 12
  l = 0
    n = 1, e =      -7.50975541 (    -15.01951081)
    n = 2, e =      -0.57468304 (     -1.14936609)
  l = 1
    n = 2, e =      -0.34129313 (     -0.68258626)
  cnv =   0.138849, mix =   0.321462
  integrated charge =   4.723427 out of   5.000000
itr = 13
  l = 0
    n = 1, e =      -7.41507040 (    -14.83014081)
    n = 2, e =      -0.53174942 (     -1.06349885)
  l = 1
    n = 2, e =      -0.30170355 (     -0.60340709)
  cnv =   0.115493, mix =   0.342004
  integrated charge =   4.818016 out of   5.000000
itr = 14
  l = 0
    n = 1, e =      -7.36573475 (    -14.73146949)
    n = 2, e =      -0.50804740 (     -1.01609481)
  l = 1
    n = 2, e =      -0.28071973 (     -0.56143947)
  cnv =   0.090796, mix =   0.366788
  integrated charge =   4.884765 out of   5.000000
itr = 15
  l = 0
    n = 1, e =      -7.34391346 (    -14.68782691)
    n = 2, e =      -0.49601054 (     -0.99202108)
  l = 1
    n = 2, e =      -0.27044624 (     -0.54089248)
  cnv =   0.065935, mix =   0.395652
  integrated charge =   4.930358 out of   5.000000
itr = 16
  l = 0
    n = 1, e =      -7.33650107 (    -14.67300214)
    n = 2, e =      -0.49035779 (     -0.98071559)
  l = 1
    n = 2, e =      -0.26579626 (     -0.53159253)
  cnv =   0.043776, mix =   0.425494
  integrated charge =   4.959990 out of   5.000000
itr = 17
  l = 0
    n = 1, e =      -7.33530921 (    -14.67061841)
    n = 2, e =      -0.48792300 (     -0.97584599)
  l = 1
    n = 2, e =      -0.26389166 (     -0.52778333)
  cnv =   0.026688, mix =   0.451772
  integrated charge =   4.978066 out of   5.000000
itr = 18
  l = 0
    n = 1, e =      -7.33604489 (    -14.67208977)
    n = 2, e =      -0.48693765 (     -0.97387529)
  l = 1
    n = 2, e =      -0.26317677 (     -0.52635353)
  cnv =   0.015127, mix =   0.471472
  integrated charge =   4.988407 out of   5.000000
itr = 19
  l = 0
    n = 1, e =      -7.33694169 (    -14.67388338)
    n = 2, e =      -0.48653398 (     -0.97306796)
  l = 1
    n = 2, e =      -0.26290960 (     -0.52581920)
  cnv =   0.008121, mix =   0.484270
  integrated charge =   4.994021 out of   5.000000
itr = 20
  l = 0
    n = 1, e =      -7.33754540 (    -14.67509080)
    n = 2, e =      -0.48635726 (     -0.97271451)
  l = 1
    n = 2, e =      -0.26280206 (     -0.52560412)
  cnv =   0.004213, mix =   0.491713
  integrated charge =   4.996961 out of   5.000000
itr = 21
  l = 0
    n = 1, e =      -7.33788191 (    -14.67576382)
    n = 2, e =      -0.48627421 (     -0.97254842)
  l = 1
    n = 2, e =      -0.26275410 (     -0.52550820)
  cnv =   0.002148, mix =   0.495740
  integrated charge =   4.998468 out of   5.000000
itr = 22
  l = 0
    n = 1, e =      -7.33805507 (    -14.67611015)
    n = 2, e =      -0.48623351 (     -0.97246702)
  l = 1
    n = 2, e =      -0.26273113 (     -0.52546225)
  cnv =   0.001085, mix =   0.497840
  integrated charge =   4.999230 out of   5.000000
itr = 23
  l = 0
    n = 1, e =      -7.33814109 (    -14.67628217)
    n = 2, e =      -0.48621321 (     -0.97242643)
  l = 1
    n = 2, e =      -0.26271975 (     -0.52543949)
  cnv =   0.000545, mix =   0.498912
  integrated charge =   4.999614 out of   5.000000
itr = 24
  l = 0
    n = 1, e =      -7.33818313 (    -14.67636625)
    n = 2, e =      -0.48620303 (     -0.97240605)
  l = 1
    n = 2, e =      -0.26271403 (     -0.52542806)
  cnv =   0.000274, mix =   0.499453
  integrated charge =   4.999807 out of   5.000000
itr = 25
  l = 0
    n = 1, e =      -7.33820351 (    -14.67640702)
    n = 2, e =      -0.48619791 (     -0.97239581)
  l = 1
    n = 2, e =      -0.26271115 (     -0.52542230)
  cnv =   0.000137, mix =   0.499725
  integrated charge =   4.999903 out of   5.000000
itr = 26
  l = 0
    n = 1, e =      -7.33821335 (    -14.67642670)
    n = 2, e =      -0.48619533 (     -0.97239066)
  l = 1
    n = 2, e =      -0.26270969 (     -0.52541938)
  cnv =   0.000069, mix =   0.499862
  integrated charge =   4.999952 out of   5.000000
itr = 27
  l = 0
    n = 1, e =      -7.33821809 (    -14.67643618)
    n = 2, e =      -0.48619403 (     -0.97238806)
  l = 1
    n = 2, e =      -0.26270895 (     -0.52541790)
  cnv =   0.000035, mix =   0.499931
  integrated charge =   4.999976 out of   5.000000
itr = 28
  l = 0
    n = 1, e =      -7.33822036 (    -14.67644073)
    n = 2, e =      -0.48619338 (     -0.97238676)
  l = 1
    n = 2, e =      -0.26270858 (     -0.52541715)
  cnv =   0.000017, mix =   0.499965
  integrated charge =   4.999988 out of   5.000000
itr = 29
  l = 0
    n = 1, e =      -7.33822146 (    -14.67644291)
    n = 2, e =      -0.48619305 (     -0.97238610)
  l = 1
    n = 2, e =      -0.26270839 (     -0.52541677)
  cnv =   0.000009, mix =   0.499982
  integrated charge =   4.999994 out of   5.000000

                   Orbital Summary
 nl    occ        E           KE       <1/r>     <r>
 1s   2.00      -7.3382     11.3935    4.7725   0.3195
 2s   2.00      -0.4862      1.1651    0.7749   1.8633
 2p   1.00      -0.2627      0.8572    0.6432   2.1503

     Energy Summary
 kinetic energy      =    25.9745
 potential energy    =   -50.2880
 one-electron energy =   -32.7155
 two-electron energy =     8.4020

 total energy =   -24.3135
 virial ratio =    -1.9361
