zn =    6.00000, ze =    6.00000
itr = 0
  l = 0
    n = 1, e =     -18.00553035 (    -36.01106069)
    n = 2, e =      -4.50206800 (     -9.00413600)
  l = 1
    n = 2, e =      -4.50068709 (     -9.00137418)
  cnv =   1.000000, mix =   0.100000
  integrated charge =   0.600000 out of   6.000000
itr = 1
  l = 0
    n = 1, e =     -18.44589112 (    -36.89178224)
    n = 2, e =      -4.45878270 (     -8.91756539)
  l = 1
    n = 2, e =      -4.43426706 (     -8.86853413)
  cnv =   0.900000, mix =   0.108696
  integrated charge =   1.186957 out of   6.000000
itr = 2
  l = 0
    n = 1, e =     -17.61136914 (    -35.22273829)
    n = 2, e =      -3.99079023 (     -7.98158046)
  l = 1
    n = 2, e =      -3.90688147 (     -7.81376293)
  cnv =   0.802174, mix =   0.118802
  integrated charge =   1.758754 out of   6.000000
itr = 3
  l = 0
    n = 1, e =     -16.68469231 (    -33.36938462)
    n = 2, e =      -3.50741354 (     -7.01482709)
  l = 1
    n = 2, e =      -3.36599085 (     -6.73198170)
  cnv =   0.706874, mix =   0.130634
  integrated charge =   2.312804 out of   6.000000
itr = 4
  l = 0
    n = 1, e =     -15.75291736 (    -31.50583472)
    n = 2, e =      -3.03897852 (     -6.07795704)
  l = 1
    n = 2, e =      -2.84584706 (     -5.69169411)
  cnv =   0.614533, mix =   0.144587
  integrated charge =   2.845923 out of   6.000000
itr = 5
  l = 0
    n = 1, e =     -14.85406335 (    -29.70812671)
    n = 2, e =      -2.59875401 (     -5.19750802)
  l = 1
    n = 2, e =      -2.36144570 (     -4.72289141)
  cnv =   0.525679, mix =   0.161149
  integrated charge =   3.354200 out of   6.000000
itr = 6
  l = 0
    n = 1, e =     -14.01267244 (    -28.02534489)
    n = 2, e =      -2.19501015 (     -4.39002030)
  l = 1
    n = 2, e =      -1.92198226 (     -3.84396451)
  cnv =   0.440967, mix =   0.180906
  integrated charge =   3.832841 out of   6.000000
itr = 7
  l = 0
    n = 1, e =     -13.24823497 (    -26.49646994)
    n = 2, e =      -1.83388285 (     -3.66776570)
  l = 1
    n = 2, e =      -1.53396256 (     -3.06792512)
  cnv =   0.361193, mix =   0.204518
  integrated charge =   4.276064 out of   6.000000
itr = 8
  l = 0
    n = 1, e =     -12.57768076 (    -25.15536153)
    n = 2, e =      -1.52023294 (     -3.04046588)
  l = 1
    n = 2, e =      -1.20204052 (     -2.40408105)
  cnv =   0.287323, mix =   0.232635
  integrated charge =   4.677112 out of   6.000000
itr = 9
  l = 0
    n = 1, e =     -12.01543271 (    -24.03086542)
    n = 2, e =      -1.25773979 (     -2.51547959)
  l = 1
    n = 2, e =      -0.92901233 (     -1.85802466)
  cnv =   0.230879, mix =   0.259941
  integrated charge =   5.020984 out of   6.000000
itr = 10
  l = 0
    n = 1, e =     -11.58126978 (    -23.16253956)
    n = 2, e =      -1.05298648 (     -2.10597296)
  l = 1
    n = 2, e =      -0.71991785 (     -1.43983571)
  cnv =   0.196256, mix =   0.280108
  integrated charge =   5.295214 out of   6.000000
itr = 11
  l = 0
    n = 1, e =     -11.27967180 (    -22.55934360)
    n = 2, e =      -0.90702939 (     -1.81405878)
  l = 1
    n = 2, e =      -0.57358995 (     -1.14717990)
  cnv =   0.166556, mix =   0.300079
  integrated charge =   5.506706 out of   6.000000
itr = 12
  l = 0
    n = 1, e =     -11.08383913 (    -22.16767827)
    n = 2, e =      -0.80849413 (     -1.61698826)
  l = 1
    n = 2, e =      -0.47701109 (     -0.95402218)
  cnv =   0.138640, mix =   0.321634
  integrated charge =   5.665366 out of   6.000000
itr = 13
  l = 0
    n = 1, e =     -10.96731368 (    -21.93462736)
    n = 2, e =      -0.74659015 (     -1.49318030)
  l = 1
    n = 2, e =      -0.41802415 (     -0.83604831)
  cnv =   0.112002, mix =   0.345302
  integrated charge =   5.780916 out of   6.000000
itr = 14
  l = 0
    n = 1, e =     -10.90670425 (    -21.81340849)
    n = 2, e =      -0.71126329 (     -1.42252659)
  l = 1
    n = 2, e =      -0.38536342 (     -0.77072684)
  cnv =   0.085566, mix =   0.372505
  integrated charge =   5.862526 out of   6.000000
itr = 15
  l = 0
    n = 1, e =     -10.88050334 (    -21.76100669)
    n = 2, e =      -0.69301467 (     -1.38602935)
  l = 1
    n = 2, e =      -0.36900556 (     -0.73801113)
  cnv =   0.060283, mix =   0.402858
  integrated charge =   5.917908 out of   6.000000
itr = 16
  l = 0
    n = 1, e =     -10.87190530 (    -21.74381060)
    n = 2, e =      -0.68433770 (     -1.36867541)
  l = 1
    n = 2, e =      -0.36148432 (     -0.72296864)
  cnv =   0.038643, mix =   0.433061
  integrated charge =   5.953459 out of   6.000000
itr = 17
  l = 0
    n = 1, e =     -10.87025825 (    -21.74051649)
    n = 2, e =      -0.68041831 (     -1.36083662)
  l = 1
    n = 2, e =      -0.35822536 (     -0.71645072)
  cnv =   0.022689, mix =   0.458398
  integrated charge =   5.974793 out of   6.000000
itr = 18
  l = 0
    n = 1, e =     -10.87048315 (    -21.74096631)
    n = 2, e =      -0.67863753 (     -1.35727507)
  l = 1
    n = 2, e =      -0.35680523 (     -0.71361045)
  cnv =   0.012406, mix =   0.476361
  integrated charge =   5.986801 out of   6.000000
itr = 19
  l = 0
    n = 1, e =     -10.87082687 (    -21.74165374)
    n = 2, e =      -0.67778384 (     -1.35556768)
  l = 1
    n = 2, e =      -0.35614194 (     -0.71228388)
  cnv =   0.006477, mix =   0.487374
  integrated charge =   5.993234 out of   6.000000
itr = 20
  l = 0
    n = 1, e =     -10.87098973 (    -21.74197947)
    n = 2, e =      -0.67735751 (     -1.35471503)
  l = 1
    n = 2, e =      -0.35581358 (     -0.71162716)
  cnv =   0.003298, mix =   0.493491
  integrated charge =   5.996573 out of   6.000000
itr = 21
  l = 0
    n = 1, e =     -10.87103874 (    -21.74207747)
    n = 2, e =      -0.67714335 (     -1.35428670)
  l = 1
    n = 2, e =      -0.35564864 (     -0.71129728)
  cnv =   0.001660, mix =   0.496701
  integrated charge =   5.998275 out of   6.000000
itr = 22
  l = 0
    n = 1, e =     -10.87104275 (    -21.74208549)
    n = 2, e =      -0.67703643 (     -1.35407286)
  l = 1
    n = 2, e =      -0.35556605 (     -0.71113210)
  cnv =   0.000833, mix =   0.498339
  integrated charge =   5.999135 out of   6.000000
itr = 23
  l = 0
    n = 1, e =     -10.87103421 (    -21.74206843)
    n = 2, e =      -0.67698335 (     -1.35396671)
  l = 1
    n = 2, e =      -0.35552487 (     -0.71104975)
  cnv =   0.000418, mix =   0.499165
  integrated charge =   5.999567 out of   6.000000
itr = 24
  l = 0
    n = 1, e =     -10.87102484 (    -21.74204967)
    n = 2, e =      -0.67695709 (     -1.35391417)
  l = 1
    n = 2, e =      -0.35550440 (     -0.71100879)
  cnv =   0.000210, mix =   0.499579
  integrated charge =   5.999783 out of   6.000000
itr = 25
  l = 0
    n = 1, e =     -10.87101771 (    -21.74203542)
    n = 2, e =      -0.67694410 (     -1.35388820)
  l = 1
    n = 2, e =      -0.35549422 (     -0.71098843)
  cnv =   0.000106, mix =   0.499788
  integrated charge =   5.999892 out of   6.000000
itr = 26
  l = 0
    n = 1, e =     -10.87101300 (    -21.74202599)
    n = 2, e =      -0.67693769 (     -1.35387537)
  l = 1
    n = 2, e =      -0.35548916 (     -0.71097831)
  cnv =   0.000054, mix =   0.499892
  integrated charge =   5.999946 out of   6.000000
itr = 27
  l = 0
    n = 1, e =     -10.87101009 (    -21.74202019)
    n = 2, e =      -0.67693451 (     -1.35386903)
  l = 1
    n = 2, e =      -0.35548664 (     -0.71097328)
  cnv =   0.000027, mix =   0.499945
  integrated charge =   5.999973 out of   6.000000
itr = 28
  l = 0
    n = 1, e =     -10.87100838 (    -21.74201676)
    n = 2, e =      -0.67693294 (     -1.35386589)
  l = 1
    n = 2, e =      -0.35548539 (     -0.71097077)
  cnv =   0.000014, mix =   0.499972
  integrated charge =   5.999986 out of   6.000000
itr = 29
  l = 0
    n = 1, e =     -10.87100740 (    -21.74201481)
    n = 2, e =      -0.67693217 (     -1.35386434)
  l = 1
    n = 2, e =      -0.35548476 (     -0.71096952)
  cnv =   0.000007, mix =   0.499986
  integrated charge =   5.999993 out of   6.000000

                   Orbital Summary
 nl    occ        E           KE       <1/r>     <r>
 1s   2.00     -10.8710     16.5840    5.7583   0.2643
 2s   2.00      -0.6769      1.8255    0.9670   1.5010
 2p   2.00      -0.3555      1.4282    0.8313   1.6628

     Energy Summary
 kinetic energy      =    39.6755
 potential energy    =   -77.0810
 one-electron energy =   -51.0043
 two-electron energy =    13.5987

 total energy =   -37.4055
 virial ratio =    -1.9428
