zn =    3.00000, ze =    3.00000
itr = 0
  l = 0
    n = 1, e =      -4.50124650 (     -9.00249301)
    n = 2, e =      -1.12546657 (     -2.25093314)
  cnv =   1.000000, mix =   0.100000
  integrated charge =   0.300000 out of   3.000000
itr = 1
  l = 0
    n = 1, e =      -4.89525714 (     -9.79051429)
    n = 2, e =      -1.16736012 (     -2.33472024)
  cnv =   0.900000, mix =   0.108696
  integrated charge =   0.593478 out of   3.000000
itr = 2
  l = 0
    n = 1, e =      -4.67046245 (     -9.34092489)
    n = 2, e =      -1.05107434 (     -2.10214867)
  cnv =   0.802174, mix =   0.118802
  integrated charge =   0.879377 out of   3.000000
itr = 3
  l = 0
    n = 1, e =      -4.38878758 (     -8.77757516)
    n = 2, e =      -0.92564866 (     -1.85129732)
  cnv =   0.706874, mix =   0.130634
  integrated charge =   1.156402 out of   3.000000
itr = 4
  l = 0
    n = 1, e =      -4.09164972 (     -8.18329944)
    n = 2, e =      -0.80209975 (     -1.60419949)
  cnv =   0.614533, mix =   0.144587
  integrated charge =   1.422962 out of   3.000000
itr = 5
  l = 0
    n = 1, e =      -3.79609497 (     -7.59218993)
    n = 2, e =      -0.68498745 (     -1.36997491)
  cnv =   0.525679, mix =   0.161149
  integrated charge =   1.677100 out of   3.000000
itr = 6
  l = 0
    n = 1, e =      -3.51228693 (     -7.02457386)
    n = 2, e =      -0.57694248 (     -1.15388495)
  cnv =   0.440967, mix =   0.180906
  integrated charge =   1.916420 out of   3.000000
itr = 7
  l = 0
    n = 1, e =      -3.24772860 (     -6.49545719)
    n = 2, e =      -0.47975616 (     -0.95951232)
  cnv =   0.361193, mix =   0.204518
  integrated charge =   2.138032 out of   3.000000
itr = 8
  l = 0
    n = 1, e =      -3.00868469 (     -6.01736938)
    n = 2, e =      -0.39475387 (     -0.78950773)
  cnv =   0.287323, mix =   0.232635
  integrated charge =   2.338556 out of   3.000000
itr = 9
  l = 0
    n = 1, e =      -2.80062907 (     -5.60125814)
    n = 2, e =      -0.32364914 (     -0.64729827)
  cnv =   0.225742, mix =   0.262747
  integrated charge =   2.512349 out of   3.000000
itr = 10
  l = 0
    n = 1, e =      -2.63052460 (     -5.26104920)
    n = 2, e =      -0.27006380 (     -0.54012760)
  cnv =   0.187868, mix =   0.285474
  integrated charge =   2.651560 out of   3.000000
itr = 11
  l = 0
    n = 1, e =      -2.50621520 (     -5.01243041)
    n = 2, e =      -0.23640607 (     -0.47281215)
  cnv =   0.165329, mix =   0.300966
  integrated charge =   2.756429 out of   3.000000
itr = 12
  l = 0
    n = 1, e =      -2.42429434 (     -4.84858869)
    n = 2, e =      -0.21855830 (     -0.43711661)
  cnv =   0.143982, mix =   0.317274
  integrated charge =   2.833708 out of   3.000000
itr = 13
  l = 0
    n = 1, e =      -2.37304927 (     -4.74609854)
    n = 2, e =      -0.21013384 (     -0.42026767)
  cnv =   0.116165, mix =   0.341376
  integrated charge =   2.890476 out of   3.000000
itr = 14
  l = 0
    n = 1, e =      -2.34140127 (     -4.68280254)
    n = 2, e =      -0.20672795 (     -0.41345590)
  cnv =   0.084693, mix =   0.373476
  integrated charge =   2.931381 out of   3.000000
itr = 15
  l = 0
    n = 1, e =      -2.32204852 (     -4.64409705)
    n = 2, e =      -0.20547755 (     -0.41095509)
  cnv =   0.056310, mix =   0.408083
  integrated charge =   2.959383 out of   3.000000
itr = 16
  l = 0
    n = 1, e =      -2.31064154 (     -4.62128308)
    n = 2, e =      -0.20490856 (     -0.40981712)
  cnv =   0.034974, mix =   0.438637
  integrated charge =   2.977199 out of   3.000000
itr = 17
  l = 0
    n = 1, e =      -2.30444110 (     -4.60888220)
    n = 2, e =      -0.20463519 (     -0.40927038)
  cnv =   0.020496, mix =   0.462114
  integrated charge =   2.987736 out of   3.000000
itr = 18
  l = 0
    n = 1, e =      -2.30135047 (     -4.60270093)
    n = 2, e =      -0.20449533 (     -0.40899065)
  cnv =   0.011498, mix =   0.478015
  integrated charge =   2.993598 out of   3.000000
itr = 19
  l = 0
    n = 1, e =      -2.29993507 (     -4.59987014)
    n = 2, e =      -0.20443455 (     -0.40886911)
  cnv =   0.006219, mix =   0.487864
  integrated charge =   2.996721 out of   3.000000
itr = 20
  l = 0
    n = 1, e =      -2.29932021 (     -4.59864041)
    n = 2, e =      -0.20440591 (     -0.40881183)
  cnv =   0.003289, mix =   0.493507
  integrated charge =   2.998339 out of   3.000000
itr = 21
  l = 0
    n = 1, e =      -2.29906474 (     -4.59812948)
    n = 2, e =      -0.20439275 (     -0.40878550)
  cnv =   0.001714, mix =   0.496594
  integrated charge =   2.999164 out of   3.000000
itr = 22
  l = 0
    n = 1, e =      -2.29896205 (     -4.59792410)
    n = 2, e =      -0.20438676 (     -0.40877352)
  cnv =   0.000885, mix =   0.498236
  integrated charge =   2.999581 out of   3.000000
itr = 23
  l = 0
    n = 1, e =      -2.29892194 (     -4.59784388)
    n = 2, e =      -0.20438404 (     -0.40876809)
  cnv =   0.000454, mix =   0.499093
  integrated charge =   2.999790 out of   3.000000
itr = 24
  l = 0
    n = 1, e =      -2.29890676 (     -4.59781352)
    n = 2, e =      -0.20438280 (     -0.40876560)
  cnv =   0.000232, mix =   0.499536
  integrated charge =   2.999895 out of   3.000000
itr = 25
  l = 0
    n = 1, e =      -2.29890125 (     -4.59780250)
    n = 2, e =      -0.20438223 (     -0.40876447)
  cnv =   0.000118, mix =   0.499764
  integrated charge =   2.999947 out of   3.000000
itr = 26
  l = 0
    n = 1, e =      -2.29889938 (     -4.59779876)
    n = 2, e =      -0.20438197 (     -0.40876394)
  cnv =   0.000060, mix =   0.499880
  integrated charge =   2.999974 out of   3.000000
itr = 27
  l = 0
    n = 1, e =      -2.29889882 (     -4.59779765)
    n = 2, e =      -0.20438185 (     -0.40876369)
  cnv =   0.000031, mix =   0.499939
  integrated charge =   2.999987 out of   3.000000
itr = 28
  l = 0
    n = 1, e =      -2.29889871 (     -4.59779741)
    n = 2, e =      -0.20438179 (     -0.40876358)
  cnv =   0.000015, mix =   0.499969
  integrated charge =   2.999993 out of   3.000000
itr = 29
  l = 0
    n = 1, e =      -2.29889872 (     -4.59779744)
    n = 2, e =      -0.20438176 (     -0.40876352)
  cnv =   0.000008, mix =   0.499984
  integrated charge =   2.999997 out of   3.000000

                   Orbital Summary
 nl    occ        E           KE       <1/r>     <r>
 1s   2.00      -2.2989      3.9238    2.7994   0.5490
 2s   1.00      -0.2044      0.2483    0.3695   3.7083

     Energy Summary
 kinetic energy      =     8.0959
 potential energy    =   -15.4017
 one-electron energy =    -9.8094
 two-electron energy =     2.5036

 total energy =    -7.3058
 virial ratio =    -1.9024
