zn =    7.00000, ze =    7.00000
itr = 0
  l = 0
    n = 1, e =     -24.50769862 (    -49.01539724)
    n = 2, e =      -6.12787800 (    -12.25575601)
  l = 1
    n = 2, e =      -6.12595593 (    -12.25191186)
  cnv =   1.000000, mix =   0.100000
  integrated charge =   0.700000 out of   7.000000
itr = 1
  l = 0
    n = 1, e =     -24.87751746 (    -49.75503491)
    n = 2, e =      -6.00241766 (    -12.00483532)
  l = 1
    n = 2, e =      -5.97006372 (    -11.94012745)
  cnv =   0.900000, mix =   0.108696
  integrated charge =   1.384783 out of   7.000000
itr = 2
  l = 0
    n = 1, e =     -23.74668785 (    -47.49337571)
    n = 2, e =      -5.35725461 (    -10.71450922)
  l = 1
    n = 2, e =      -5.24548580 (    -10.49097161)
  cnv =   0.802174, mix =   0.118802
  integrated charge =   2.051880 out of   7.000000
itr = 3
  l = 0
    n = 1, e =     -22.51697510 (    -45.03395021)
    n = 2, e =      -4.69808335 (     -9.39616670)
  l = 1
    n = 2, e =      -4.50922663 (     -9.01845326)
  cnv =   0.706874, mix =   0.130634
  integrated charge =   2.698271 out of   7.000000
itr = 4
  l = 0
    n = 1, e =     -21.29246343 (    -42.58492685)
    n = 2, e =      -4.06248424 (     -8.12496848)
  l = 1
    n = 2, e =      -3.80423351 (     -7.60846702)
  cnv =   0.614533, mix =   0.144587
  integrated charge =   3.320244 out of   7.000000
itr = 5
  l = 0
    n = 1, e =     -20.11955099 (    -40.23910198)
    n = 2, e =      -3.46716620 (     -6.93433240)
  l = 1
    n = 2, e =      -3.14960868 (     -6.29921736)
  cnv =   0.525679, mix =   0.161149
  integrated charge =   3.913233 out of   7.000000
itr = 6
  l = 0
    n = 1, e =     -19.02888745 (    -38.05777489)
    n = 2, e =      -2.92273566 (     -5.84547132)
  l = 1
    n = 2, e =      -2.55726405 (     -5.11452810)
  cnv =   0.440967, mix =   0.180906
  integrated charge =   4.471648 out of   7.000000
itr = 7
  l = 0
    n = 1, e =     -18.04521309 (    -36.09042619)
    n = 2, e =      -2.43718709 (     -4.87437418)
  l = 1
    n = 2, e =      -2.03572716 (     -4.07145431)
  cnv =   0.361193, mix =   0.204518
  integrated charge =   4.988741 out of   7.000000
itr = 8
  l = 0
    n = 1, e =     -17.19006530 (    -34.38013060)
    n = 2, e =      -2.01691265 (     -4.03382529)
  l = 1
    n = 2, e =      -1.59110352 (     -3.18220704)
  cnv =   0.287323, mix =   0.232635
  integrated charge =   5.456630 out of   7.000000
itr = 9
  l = 0
    n = 1, e =     -16.48139559 (    -32.96279119)
    n = 2, e =      -1.66672971 (     -3.33345941)
  l = 1
    n = 2, e =      -1.22696147 (     -2.45392294)
  cnv =   0.232523, mix =   0.259055
  integrated charge =   5.856448 out of   7.000000
itr = 10
  l = 0
    n = 1, e =     -15.94455120 (    -31.88910241)
    n = 2, e =      -1.39610568 (     -2.79221135)
  l = 1
    n = 2, e =      -0.95061535 (     -1.90123070)
  cnv =   0.199158, mix =   0.278299
  integrated charge =   6.174697 out of   7.000000
itr = 11
  l = 0
    n = 1, e =     -15.57944941 (    -31.15889882)
    n = 2, e =      -1.20476389 (     -2.40952778)
  l = 1
    n = 2, e =      -0.75852774 (     -1.51705547)
  cnv =   0.168815, mix =   0.298461
  integrated charge =   6.421018 out of   7.000000
itr = 12
  l = 0
    n = 1, e =     -15.34564118 (    -30.69128237)
    n = 2, e =      -1.07498012 (     -2.14996024)
  l = 1
    n = 2, e =      -0.63042936 (     -1.26085872)
  cnv =   0.138056, mix =   0.322119
  integrated charge =   6.607519 out of   7.000000
itr = 13
  l = 0
    n = 1, e =     -15.20545751 (    -30.41091502)
    n = 2, e =      -0.99103545 (     -1.98207090)
  l = 1
    n = 2, e =      -0.54931018 (     -1.09862035)
  cnv =   0.108387, mix =   0.348785
  integrated charge =   6.744410 out of   7.000000
itr = 14
  l = 0
    n = 1, e =     -15.13084273 (    -30.26168547)
    n = 2, e =      -0.94107751 (     -1.88215502)
  l = 1
    n = 2, e =      -0.50221711 (     -1.00443423)
  cnv =   0.080504, mix =   0.378210
  integrated charge =   6.841077 out of   7.000000
itr = 15
  l = 0
    n = 1, e =     -15.09766288 (    -30.19532576)
    n = 2, e =      -0.91416702 (     -1.82833404)
  l = 1
    n = 2, e =      -0.47752054 (     -0.95504108)
  cnv =   0.055146, mix =   0.409641
  integrated charge =   6.906178 out of   7.000000
itr = 16
  l = 0
    n = 1, e =     -15.08588102 (    -30.17176204)
    n = 2, e =      -0.90081732 (     -1.80163463)
  l = 1
    n = 2, e =      -0.46563225 (     -0.93126451)
  cnv =   0.034432, mix =   0.439472
  integrated charge =   6.947410 out of   7.000000
itr = 17
  l = 0
    n = 1, e =     -15.08258561 (    -30.16517122)
    n = 2, e =      -0.89442996 (     -1.78885991)
  l = 1
    n = 2, e =      -0.46011195 (     -0.92022390)
  cnv =   0.019649, mix =   0.463565
  integrated charge =   6.971789 out of   7.000000
itr = 18
  l = 0
    n = 1, e =     -15.08159171 (    -30.16318342)
    n = 2, e =      -0.89133740 (     -1.78267481)
  l = 1
    n = 2, e =      -0.45750670 (     -0.91501339)
  cnv =   0.010540, mix =   0.479773
  integrated charge =   6.985324 out of   7.000000
itr = 19
  l = 0
    n = 1, e =     -15.08112911 (    -30.16225822)
    n = 2, e =      -0.88981571 (     -1.77963141)
  l = 1
    n = 2, e =      -0.45623917 (     -0.91247834)
  cnv =   0.005422, mix =   0.489386
  integrated charge =   6.992506 out of   7.000000
itr = 20
  l = 0
    n = 1, e =     -15.08077340 (    -30.16154680)
    n = 2, e =      -0.88905154 (     -1.77810308)
  l = 1
    n = 2, e =      -0.45560266 (     -0.91120531)
  cnv =   0.002741, mix =   0.494577
  integrated charge =   6.996212 out of   7.000000
itr = 21
  l = 0
    n = 1, e =     -15.08051905 (    -30.16103810)
    n = 2, e =      -0.88867248 (     -1.77734497)
  l = 1
    n = 2, e =      -0.45528588 (     -0.91057177)
  cnv =   0.001382, mix =   0.497251
  integrated charge =   6.998096 out of   7.000000
itr = 22
  l = 0
    n = 1, e =     -15.08035499 (    -30.16070998)
    n = 2, e =      -0.88848669 (     -1.77697338)
  l = 1
    n = 2, e =      -0.45512994 (     -0.91025988)
  cnv =   0.000699, mix =   0.498606
  integrated charge =   6.999045 out of   7.000000
itr = 23
  l = 0
    n = 1, e =     -15.08025607 (    -30.16051213)
    n = 2, e =      -0.88839620 (     -1.77679239)
  l = 1
    n = 2, e =      -0.45505360 (     -0.91010720)
  cnv =   0.000355, mix =   0.499290
  integrated charge =   6.999522 out of   7.000000
itr = 24
  l = 0
    n = 1, e =     -15.08019898 (    -30.16039795)
    n = 2, e =      -0.88835223 (     -1.77670446)
  l = 1
    n = 2, e =      -0.45501630 (     -0.91003260)
  cnv =   0.000181, mix =   0.499637
  integrated charge =   6.999761 out of   7.000000
itr = 25
  l = 0
    n = 1, e =     -15.08016700 (    -30.16033401)
    n = 2, e =      -0.88833089 (     -1.77666178)
  l = 1
    n = 2, e =      -0.45499808 (     -0.90999616)
  cnv =   0.000093, mix =   0.499814
  integrated charge =   6.999880 out of   7.000000
itr = 26
  l = 0
    n = 1, e =     -15.08014948 (    -30.16029896)
    n = 2, e =      -0.88832052 (     -1.77664104)
  l = 1
    n = 2, e =      -0.45498917 (     -0.90997834)
  cnv =   0.000048, mix =   0.499905
  integrated charge =   6.999940 out of   7.000000
itr = 27
  l = 0
    n = 1, e =     -15.08014003 (    -30.16028005)
    n = 2, e =      -0.88831548 (     -1.77663097)
  l = 1
    n = 2, e =      -0.45498481 (     -0.90996962)
  cnv =   0.000024, mix =   0.499951
  integrated charge =   6.999970 out of   7.000000
itr = 28
  l = 0
    n = 1, e =     -15.08013499 (    -30.16026998)
    n = 2, e =      -0.88831303 (     -1.77662607)
  l = 1
    n = 2, e =      -0.45498267 (     -0.90996535)
  cnv =   0.000013, mix =   0.499975
  integrated charge =   6.999985 out of   7.000000
itr = 29
  l = 0
    n = 1, e =     -15.08013233 (    -30.16026466)
    n = 2, e =      -0.88831184 (     -1.77662368)
  l = 1
    n = 2, e =      -0.45498162 (     -0.90996325)
  cnv =   0.000006, mix =   0.499987
  integrated charge =   6.999993 out of   7.000000

                   Orbital Summary
 nl    occ        E           KE       <1/r>     <r>
 1s   2.00     -15.0801     22.7490    6.7446   0.2254
 2s   2.00      -0.8883      2.5980    1.1518   1.2645
 2p   3.00      -0.4550      2.1076    1.0101   1.3691

     Energy Summary
 kinetic energy      =    57.0168
 potential energy    =  -111.0407
 one-electron energy =   -74.7460
 two-electron energy =    20.7221

 total energy =   -54.0239
 virial ratio =    -1.9475
