zn =   11.00000, ze =   11.00000
itr = 0
  l = 0
    n = 1, e =     -60.52028757 (   -121.04057514)
    n = 2, e =     -15.13257689 (    -30.26515378)
    n = 3, e =      -6.72744589 (    -13.45489178)
  l = 1
    n = 2, e =     -15.12751408 (    -30.25502815)
  cnv =   1.000000, mix =   0.100000
  integrated charge =   1.100000 out of  11.000000
itr = 1
  l = 0
    n = 1, e =     -60.31025945 (   -120.62051890)
    n = 2, e =     -14.46617387 (    -28.93234773)
    n = 3, e =      -6.15561376 (    -12.31122752)
  l = 1
    n = 2, e =     -14.38220881 (    -28.76441761)
  cnv =   0.900000, mix =   0.108696
  integrated charge =   2.176087 out of  11.000000
itr = 2
  l = 0
    n = 1, e =     -57.69008633 (   -115.38017265)
    n = 2, e =     -12.89473964 (    -25.78947928)
    n = 3, e =      -5.28080968 (    -10.56161935)
  l = 1
    n = 2, e =     -12.63138279 (    -25.26276558)
  cnv =   0.802174, mix =   0.118802
  integrated charge =   3.224382 out of  11.000000
itr = 3
  l = 0
    n = 1, e =     -54.96053936 (   -109.92107871)
    n = 2, e =     -11.32496629 (    -22.64993259)
    n = 3, e =      -4.44336125 (     -8.88672251)
  l = 1
    n = 2, e =     -10.88838072 (    -21.77676143)
  cnv =   0.706874, mix =   0.130634
  integrated charge =   4.240140 out of  11.000000
itr = 4
  l = 0
    n = 1, e =     -52.29627888 (   -104.59255776)
    n = 2, e =      -9.82547823 (    -19.65095647)
    n = 3, e =      -3.66837349 (     -7.33674698)
  l = 1
    n = 2, e =      -9.23261906 (    -18.46523812)
  cnv =   0.614533, mix =   0.144587
  integrated charge =   5.217526 out of  11.000000
itr = 5
  l = 0
    n = 1, e =     -49.77956521 (    -99.55913042)
    n = 2, e =      -8.42835442 (    -16.85670885)
    n = 3, e =      -2.96694032 (     -5.93388064)
  l = 1
    n = 2, e =      -7.70112727 (    -15.40225454)
  cnv =   0.525679, mix =   0.161149
  integrated charge =   6.149366 out of  11.000000
itr = 6
  l = 0
    n = 1, e =     -47.46778842 (    -94.93557684)
    n = 2, e =      -7.15520925 (    -14.31041849)
    n = 3, e =      -2.34553350 (     -4.69106700)
  l = 1
    n = 2, e =      -6.31825869 (    -12.63651737)
  cnv =   0.440967, mix =   0.180906
  integrated charge =   7.026875 out of  11.000000
itr = 7
  l = 0
    n = 1, e =     -45.40879314 (    -90.81758628)
    n = 2, e =      -6.02328200 (    -12.04656401)
    n = 3, e =      -1.80805649 (     -3.61611298)
  l = 1
    n = 2, e =      -5.10233101 (    -10.20466202)
  cnv =   0.361193, mix =   0.204518
  integrated charge =   7.839450 out of  11.000000
itr = 8
  l = 0
    n = 1, e =     -43.64409211 (    -87.28818422)
    n = 2, e =      -5.04700729 (    -10.09401458)
    n = 3, e =      -1.35622715 (     -2.71245431)
  l = 1
    n = 2, e =      -4.06707282 (     -8.13414565)
  cnv =   0.287323, mix =   0.232635
  integrated charge =   8.574705 out of  11.000000
itr = 9
  l = 0
    n = 1, e =     -42.20624442 (    -84.41248885)
    n = 2, e =      -4.23757436 (     -8.47514872)
    n = 3, e =      -0.98934440 (     -1.97868880)
  l = 1
    n = 2, e =      -3.22096068 (     -6.44192135)
  cnv =   0.225712, mix =   0.262764
  integrated charge =   9.211984 out of  11.000000
itr = 10
  l = 0
    n = 1, e =     -41.12358432 (    -82.24716863)
    n = 2, e =      -3.60778821 (     -7.21557642)
    n = 3, e =      -0.70685396 (     -1.41370792)
  l = 1
    n = 2, e =      -2.57236161 (     -5.14472322)
  cnv =   0.186226, mix =   0.286549
  integrated charge =   9.724338 out of  11.000000
itr = 11
  l = 0
    n = 1, e =     -40.39890409 (    -80.79780817)
    n = 2, e =      -3.16374469 (     -6.32748939)
    n = 3, e =      -0.50612939 (     -1.01225877)
  l = 1
    n = 2, e =      -2.12147441 (     -4.24294881)
  cnv =   0.151078, mix =   0.311660
  integrated charge =  10.121910 out of  11.000000
itr = 12
  l = 0
    n = 1, e =     -39.94658550 (    -79.89317100)
    n = 2, e =      -2.86667811 (     -5.73335622)
    n = 3, e =      -0.36807788 (     -0.73615576)
  l = 1
    n = 2, e =      -1.82351547 (     -3.64703094)
  cnv =   0.116171, mix =   0.341371
  integrated charge =  10.421664 out of  11.000000
itr = 13
  l = 0
    n = 1, e =     -39.67917914 (    -79.35835828)
    n = 2, e =      -2.67595451 (     -5.35190903)
    n = 3, e =      -0.27739074 (     -0.55478149)
  l = 1
    n = 2, e =      -1.63423109 (     -3.26846219)
  cnv =   0.084929, mix =   0.373214
  integrated charge =  10.637507 out of  11.000000
itr = 14
  l = 0
    n = 1, e =     -39.53213949 (    -79.06427898)
    n = 2, e =      -2.56172238 (     -5.12344475)
    n = 3, e =      -0.22692100 (     -0.45384200)
  l = 1
    n = 2, e =      -1.52193522 (     -3.04387044)
  cnv =   0.064313, mix =   0.397693
  integrated charge =  10.781668 out of  11.000000
itr = 15
  l = 0
    n = 1, e =     -39.46145405 (    -78.92290810)
    n = 2, e =      -2.50277535 (     -5.00555069)
    n = 3, e =      -0.20533391 (     -0.41066782)
  l = 1
    n = 2, e =      -1.46456716 (     -2.92913433)
  cnv =   0.048417, mix =   0.418877
  integrated charge =  10.873122 out of  11.000000
itr = 16
  l = 0
    n = 1, e =     -39.42977138 (    -78.85954276)
    n = 2, e =      -2.47562875 (     -4.95125751)
    n = 3, e =      -0.19757040 (     -0.39514080)
  l = 1
    n = 2, e =      -1.43844394 (     -2.87688787)
  cnv =   0.032937, mix =   0.441795
  integrated charge =  10.929176 out of  11.000000
itr = 17
  l = 0
    n = 1, e =     -39.41463311 (    -78.82926622)
    n = 2, e =      -2.46323426 (     -4.92646851)
    n = 3, e =      -0.19470679 (     -0.38941359)
  l = 1
    n = 2, e =      -1.42663275 (     -2.85326550)
  cnv =   0.020353, mix =   0.462359
  integrated charge =  10.961922 out of  11.000000
itr = 18
  l = 0
    n = 1, e =     -39.40697221 (    -78.81394442)
    n = 2, e =      -2.45756861 (     -4.91513723)
    n = 3, e =      -0.19351557 (     -0.38703114)
  l = 1
    n = 2, e =      -1.42126859 (     -2.84253718)
  cnv =   0.011816, mix =   0.477434
  integrated charge =  10.980102 out of  11.000000
itr = 19
  l = 0
    n = 1, e =     -39.40314030 (    -78.80628059)
    n = 2, e =      -2.45507455 (     -4.91014910)
    n = 3, e =      -0.19300186 (     -0.38600371)
  l = 1
    n = 2, e =      -1.41892008 (     -2.83784015)
  cnv =   0.006565, mix =   0.487206
  integrated charge =  10.989796 out of  11.000000
itr = 20
  l = 0
    n = 1, e =     -39.40129049 (    -78.80258098)
    n = 2, e =      -2.45402749 (     -4.90805498)
    n = 3, e =      -0.19275370 (     -0.38550740)
  l = 1
    n = 2, e =      -1.41793901 (     -2.83587802)
  cnv =   0.003568, mix =   0.492965
  integrated charge =  10.994826 out of  11.000000
itr = 21
  l = 0
    n = 1, e =     -39.40042944 (    -78.80085887)
    n = 2, e =      -2.45361718 (     -4.90723437)
    n = 3, e =      -0.19263384 (     -0.38526768)
  l = 1
    n = 2, e =      -1.41755738 (     -2.83511476)
  cnv =   0.001912, mix =   0.496204
  integrated charge =  10.997394 out of  11.000000
itr = 22
  l = 0
    n = 1, e =     -39.40004070 (    -78.80008139)
    n = 2, e =      -2.45346977 (     -4.90693953)
    n = 3, e =      -0.19257663 (     -0.38515327)
  l = 1
    n = 2, e =      -1.41742207 (     -2.83484414)
  cnv =   0.001015, mix =   0.497978
  integrated charge =  10.998692 out of  11.000000
itr = 23
  l = 0
    n = 1, e =     -39.39986979 (    -78.79973958)
    n = 2, e =      -2.45342363 (     -4.90684727)
    n = 3, e =      -0.19254945 (     -0.38509891)
  l = 1
    n = 2, e =      -1.41738095 (     -2.83476190)
  cnv =   0.000535, mix =   0.498932
  integrated charge =  10.999344 out of  11.000000
itr = 24
  l = 0
    n = 1, e =     -39.39979661 (    -78.79959322)
    n = 2, e =      -2.45341332 (     -4.90682664)
    n = 3, e =      -0.19253654 (     -0.38507307)
  l = 1
    n = 2, e =      -1.41737267 (     -2.83474534)
  cnv =   0.000281, mix =   0.499439
  integrated charge =  10.999672 out of  11.000000
itr = 25
  l = 0
    n = 1, e =     -39.39976622 (    -78.79953244)
    n = 2, e =      -2.45341397 (     -4.90682794)
    n = 3, e =      -0.19253038 (     -0.38506076)
  l = 1
    n = 2, e =      -1.41737414 (     -2.83474827)
  cnv =   0.000147, mix =   0.499706
  integrated charge =  10.999836 out of  11.000000
itr = 26
  l = 0
    n = 1, e =     -39.39975410 (    -78.79950820)
    n = 2, e =      -2.45341693 (     -4.90683386)
    n = 3, e =      -0.19252743 (     -0.38505486)
  l = 1
    n = 2, e =      -1.41737742 (     -2.83475484)
  cnv =   0.000077, mix =   0.499847
  integrated charge =  10.999918 out of  11.000000
itr = 27
  l = 0
    n = 1, e =     -39.39974956 (    -78.79949911)
    n = 2, e =      -2.45341961 (     -4.90683922)
    n = 3, e =      -0.19252601 (     -0.38505202)
  l = 1
    n = 2, e =      -1.41738022 (     -2.83476044)
  cnv =   0.000040, mix =   0.499920
  integrated charge =  10.999959 out of  11.000000
itr = 28
  l = 0
    n = 1, e =     -39.39974803 (    -78.79949606)
    n = 2, e =      -2.45342149 (     -4.90684299)
    n = 3, e =      -0.19252532 (     -0.38505064)
  l = 1
    n = 2, e =      -1.41738215 (     -2.83476429)
  cnv =   0.000021, mix =   0.499958
  integrated charge =  10.999979 out of  11.000000
itr = 29
  l = 0
    n = 1, e =     -39.39974763 (    -78.79949526)
    n = 2, e =      -2.45342268 (     -4.90684537)
    n = 3, e =      -0.19252499 (     -0.38504997)
  l = 1
    n = 2, e =      -1.41738336 (     -2.83476671)
  cnv =   0.000011, mix =   0.499978
  integrated charge =  10.999990 out of  11.000000
itr = 30
  l = 0
    n = 1, e =     -39.39974761 (    -78.79949521)
    n = 2, e =      -2.45342340 (     -4.90684679)
    n = 3, e =      -0.19252482 (     -0.38504965)
  l = 1
    n = 2, e =      -1.41738407 (     -2.83476814)
  cnv =   0.000006, mix =   0.499989
  integrated charge =  10.999995 out of  11.000000

                   Orbital Summary
 nl    occ        E           KE       <1/r>     <r>
 1s   2.00     -39.3997     57.1958   10.6955   0.1417
 2s   2.00      -2.4534      7.2764    1.9224   0.7596
 2p   6.00      -1.4174      6.5643    1.7927   0.7529
 3s   1.00      -0.1925      0.3691    0.3310   3.9570

     Energy Summary
 kinetic energy      =   168.6993
 potential energy    =  -330.3286
 one-electron energy =  -230.8553
 two-electron energy =    69.2261

 total energy =  -161.6293
 virial ratio =    -1.9581
