zn =    8.00000, ze =    8.00000
itr = 0
  l = 0
    n = 1, e =     -32.01025172 (    -64.02050343)
    n = 2, e =      -8.00383144 (    -16.00766289)
  l = 1
    n = 2, e =      -8.00127226 (    -16.00254453)
  cnv =   1.000000, mix =   0.100000
  integrated charge =   0.800000 out of   8.000000
itr = 1
  l = 0
    n = 1, e =     -32.26665473 (    -64.53330946)
    n = 2, e =      -7.76957825 (    -15.53915651)
  l = 1
    n = 2, e =      -7.72697621 (    -15.45395241)
  cnv =   0.900000, mix =   0.108696
  integrated charge =   1.582609 out of   8.000000
itr = 2
  l = 0
    n = 1, e =     -30.79435925 (    -61.58871851)
    n = 2, e =      -6.91807430 (    -13.83614861)
  l = 1
    n = 2, e =      -6.77271554 (    -13.54543108)
  cnv =   0.802174, mix =   0.118802
  integrated charge =   2.345005 out of   8.000000
itr = 3
  l = 0
    n = 1, e =     -29.21906864 (    -58.43813727)
    n = 2, e =      -6.05549434 (    -12.11098868)
  l = 1
    n = 2, e =      -5.81048474 (    -11.62096948)
  cnv =   0.706874, mix =   0.130634
  integrated charge =   3.083738 out of   8.000000
itr = 4
  l = 0
    n = 1, e =     -27.66261404 (    -55.32522808)
    n = 2, e =      -5.22709104 (    -10.45418208)
  l = 1
    n = 2, e =      -4.89245401 (     -9.78490802)
  cnv =   0.614533, mix =   0.144587
  integrated charge =   3.794565 out of   8.000000
itr = 5
  l = 0
    n = 1, e =     -26.18037172 (    -52.36074345)
    n = 2, e =      -4.45328257 (     -8.90656513)
  l = 1
    n = 2, e =      -4.04216378 (     -8.08432756)
  cnv =   0.525679, mix =   0.161149
  integrated charge =   4.472266 out of   8.000000
itr = 6
  l = 0
    n = 1, e =     -24.80968215 (    -49.61936430)
    n = 2, e =      -3.74724221 (     -7.49448441)
  l = 1
    n = 2, e =      -3.27450602 (     -6.54901205)
  cnv =   0.440967, mix =   0.180906
  integrated charge =   5.110454 out of   8.000000
itr = 7
  l = 0
    n = 1, e =     -23.58109078 (    -47.16218156)
    n = 2, e =      -3.11903346 (     -6.23806691)
  l = 1
    n = 2, e =      -2.60023918 (     -5.20047835)
  cnv =   0.361193, mix =   0.204518
  integrated charge =   5.701419 out of   8.000000
itr = 8
  l = 0
    n = 1, e =     -22.52118962 (    -45.04237924)
    n = 2, e =      -2.57676002 (     -5.15352004)
  l = 1
    n = 2, e =      -2.02705492 (     -4.05410985)
  cnv =   0.287323, mix =   0.232635
  integrated charge =   6.236149 out of   8.000000
itr = 9
  l = 0
    n = 1, e =     -21.65163635 (    -43.30327269)
    n = 2, e =      -2.12649147 (     -4.25298294)
  l = 1
    n = 2, e =      -1.55931152 (     -3.11862303)
  cnv =   0.233911, mix =   0.258312
  integrated charge =   6.691773 out of   8.000000
itr = 10
  l = 0
    n = 1, e =     -21.00361725 (    -42.00723450)
    n = 2, e =      -1.78108687 (     -3.56217374)
  l = 1
    n = 2, e =      -1.20696832 (     -2.41393665)
  cnv =   0.201206, mix =   0.277036
  integrated charge =   7.054198 out of   8.000000
itr = 11
  l = 0
    n = 1, e =     -20.57025602 (    -41.14051205)
    n = 2, e =      -1.53818211 (     -3.07636423)
  l = 1
    n = 2, e =      -0.96330899 (     -1.92661797)
  cnv =   0.170188, mix =   0.297486
  integrated charge =   7.335561 out of   8.000000
itr = 12
  l = 0
    n = 1, e =     -20.29620783 (    -40.59241566)
    n = 2, e =      -1.37318445 (     -2.74636889)
  l = 1
    n = 2, e =      -0.80018481 (     -1.60036963)
  cnv =   0.137327, mix =   0.322725
  integrated charge =   7.549992 out of   8.000000
itr = 13
  l = 0
    n = 1, e =     -20.13110663 (    -40.26221326)
    n = 2, e =      -1.26435462 (     -2.52870923)
  l = 1
    n = 2, e =      -0.69437718 (     -1.38875437)
  cnv =   0.105278, mix =   0.351837
  integrated charge =   7.708322 out of   8.000000
itr = 14
  l = 0
    n = 1, e =     -20.04062970 (    -40.08125940)
    n = 2, e =      -1.19711019 (     -2.39422037)
  l = 1
    n = 2, e =      -0.63034373 (     -1.26068746)
  cnv =   0.076115, mix =   0.383301
  integrated charge =   7.820122 out of   8.000000
itr = 15
  l = 0
    n = 1, e =     -19.99825201 (    -39.99650402)
    n = 2, e =      -1.15930224 (     -2.31860447)
  l = 1
    n = 2, e =      -0.59518287 (     -1.19036574)
  cnv =   0.050967, mix =   0.415329
  integrated charge =   7.894831 out of   8.000000
itr = 16
  l = 0
    n = 1, e =     -19.98166942 (    -39.96333884)
    n = 2, e =      -1.13979105 (     -2.27958209)
  l = 1
    n = 2, e =      -0.57750299 (     -1.15500597)
  cnv =   0.031156, mix =   0.444593
  integrated charge =   7.941588 out of   8.000000
itr = 17
  l = 0
    n = 1, e =     -19.97574789 (    -39.95149577)
    n = 2, e =      -1.13015604 (     -2.26031209)
  l = 1
    n = 2, e =      -0.56898520 (     -1.13797039)
  cnv =   0.017485, mix =   0.467315
  integrated charge =   7.968885 out of   8.000000
itr = 18
  l = 0
    n = 1, e =     -19.97321219 (    -39.94642438)
    n = 2, e =      -1.12538065 (     -2.25076129)
  l = 1
    n = 2, e =      -0.56482241 (     -1.12964481)
  cnv =   0.009191, mix =   0.482269
  integrated charge =   7.983891 out of   8.000000
itr = 19
  l = 0
    n = 1, e =     -19.97166363 (    -39.94332725)
    n = 2, e =      -1.12299920 (     -2.24599840)
  l = 1
    n = 2, e =      -0.56276414 (     -1.12552828)
  cnv =   0.004738, mix =   0.490701
  integrated charge =   7.991796 out of   8.000000
itr = 20
  l = 0
    n = 1, e =     -19.97079546 (    -39.94159093)
    n = 2, e =      -1.12186382 (     -2.24372763)
  l = 1
    n = 2, e =      -0.56178634 (     -1.12357267)
  cnv =   0.002397, mix =   0.495252
  integrated charge =   7.995859 out of   8.000000
itr = 21
  l = 0
    n = 1, e =     -19.97025208 (    -39.94050416)
    n = 2, e =      -1.12130945 (     -2.24261891)
  l = 1
    n = 2, e =      -0.56130687 (     -1.12261374)
  cnv =   0.001218, mix =   0.497576
  integrated charge =   7.997919 out of   8.000000
itr = 22
  l = 0
    n = 1, e =     -19.96993164 (    -39.93986327)
    n = 2, e =      -1.12104199 (     -2.24208398)
  l = 1
    n = 2, e =      -0.56107437 (     -1.12214874)
  cnv =   0.000624, mix =   0.498756
  integrated charge =   7.998957 out of   8.000000
itr = 23
  l = 0
    n = 1, e =     -19.96975013 (    -39.93950026)
    n = 2, e =      -1.12091361 (     -2.24182723)
  l = 1
    n = 2, e =      -0.56096214 (     -1.12192427)
  cnv =   0.000321, mix =   0.499358
  integrated charge =   7.999478 out of   8.000000
itr = 24
  l = 0
    n = 1, e =     -19.96965017 (    -39.93930035)
    n = 2, e =      -1.12085211 (     -2.24170421)
  l = 1
    n = 2, e =      -0.56090803 (     -1.12181605)
  cnv =   0.000166, mix =   0.499668
  integrated charge =   7.999739 out of   8.000000
itr = 25
  l = 0
    n = 1, e =     -19.96959624 (    -39.93919248)
    n = 2, e =      -1.12082264 (     -2.24164528)
  l = 1
    n = 2, e =      -0.56088192 (     -1.12176385)
  cnv =   0.000086, mix =   0.499829
  integrated charge =   7.999869 out of   8.000000
itr = 26
  l = 0
    n = 1, e =     -19.96956758 (    -39.93913516)
    n = 2, e =      -1.12080851 (     -2.24161703)
  l = 1
    n = 2, e =      -0.56086931 (     -1.12173863)
  cnv =   0.000044, mix =   0.499911
  integrated charge =   7.999935 out of   8.000000
itr = 27
  l = 0
    n = 1, e =     -19.96955253 (    -39.93910506)
    n = 2, e =      -1.12080173 (     -2.24160346)
  l = 1
    n = 2, e =      -0.56086321 (     -1.12172643)
  cnv =   0.000023, mix =   0.499954
  integrated charge =   7.999967 out of   8.000000
itr = 28
  l = 0
    n = 1, e =     -19.96954470 (    -39.93908940)
    n = 2, e =      -1.12079847 (     -2.24159694)
  l = 1
    n = 2, e =      -0.56086026 (     -1.12172051)
  cnv =   0.000012, mix =   0.499976
  integrated charge =   7.999984 out of   8.000000
itr = 29
  l = 0
    n = 1, e =     -19.96954065 (    -39.93908131)
    n = 2, e =      -1.12079690 (     -2.24159380)
  l = 1
    n = 2, e =      -0.56085882 (     -1.12171764)
  cnv =   0.000006, mix =   0.499988
  integrated charge =   7.999992 out of   8.000000

                   Orbital Summary
 nl    occ        E           KE       <1/r>     <r>
 1s   2.00     -19.9695     29.8903    7.7313   0.1964
 2s   2.00      -1.1208      3.4852    1.3328   1.0956
 2p   4.00      -0.5609      2.8966    1.1841   1.1696

     Energy Summary
 kinetic energy      =    78.3376
 potential energy    =  -152.8395
 one-electron energy =  -104.5798
 two-electron energy =    30.0778

 total energy =   -74.5019
 virial ratio =    -1.9510
